<?xml version="1.0" encoding="UTF-8"?>
<!-- Generated by org.testng.reporters.JUnitXMLReporter -->
<testsuite hostname="MASTER" name="Default test" tests="5" failures="0" timestamp="10 May 2017 05:48:35 GMT" time="1.555" errors="0">
  <testcase name="insertar" time="0.312" classname="pe.com.test.CategoriaTest"/>
  <testcase name="timeOut" time="0.933" classname="pe.com.test.CategoriaTest"/>
  <testcase name="actualizar" time="0.114" classname="pe.com.test.CategoriaTest"/>
  <testcase name="obtener" time="0.015" classname="pe.com.test.CategoriaTest"/>
  <testcase name="eliminar" time="0.088" classname="pe.com.test.CategoriaTest"/>
</testsuite> <!-- Default test -->
