<?xml version="1.0" encoding="UTF-8"?>
<!-- Generated by org.testng.reporters.JUnitXMLReporter -->
<testsuite hostname="WIN-74F67QMA4MM" name="CategoriaWebDriverTest" tests="2" failures="0" timestamp="14 May 2018 13:57:31 GMT" time="39.561" errors="0">
  <testcase name="insertarCategoria_FlujoBasico" time="18.029" classname="pe.com.test.seleniumwd.CategoriaWebDriverTest"/>
  <testcase name="insertarCategoria_FlujoAlternativo" time="15.88" classname="pe.com.test.seleniumwd.CategoriaWebDriverTest"/>
</testsuite> <!-- CategoriaWebDriverTest -->
