<?xml version="1.0" encoding="UTF-8"?>
<!-- Generated by org.testng.reporters.JUnitXMLReporter -->
<testsuite hostname="LAPTOP-QFH4B63G" ignored="0" name="AutorWebDriverTest_c" tests="4" failures="0" timestamp="09 jun 2018 17:15:50 GMT" time="37.759" errors="0">
  <testcase name="insertarAutores" time="8.72" classname="pe.com.test.seleniumwd.AutorWebDriverTest"/>
  <testcase name="insertarAutores" time="7.425" classname="pe.com.test.seleniumwd.AutorWebDriverTest"/>
  <testcase name="insertarAutores" time="7.384" classname="pe.com.test.seleniumwd.AutorWebDriverTest"/>
  <testcase name="insertarAutores" time="7.425" classname="pe.com.test.seleniumwd.AutorWebDriverTest"/>
</testsuite> <!-- AutorWebDriverTest_c -->
