<?xml version="1.0" encoding="UTF-8"?>
<!-- Generated by org.testng.reporters.JUnitXMLReporter -->
<testsuite hostname="LAPTOP-QFH4B63G" ignored="0" name="AutorWebDriverTest_Eliminar" tests="1" failures="1" timestamp="08 jun 2018 14:42:41 GMT" time="12.647" errors="0">
  <testcase name="insertarAutores" time="10.017" classname="pe.com.test.seleniumwd.AutorElimWebDriverTest">
    <failure type="java.lang.AssertionError" message="expected [Autor Eliminado] but found [Autor eliminado]">
      <![CDATA[java.lang.AssertionError: expected [Autor Eliminado] but found [Autor eliminado]
at pe.com.test.seleniumwd.AutorElimWebDriverTest.insertarAutores(AutorElimWebDriverTest.java:60)
... Removed 26 stack frames]]>
    </failure>
  </testcase> <!-- insertarAutores -->
</testsuite> <!-- AutorWebDriverTest_Eliminar -->
