<?xml version="1.0" encoding="UTF-8"?>
<!-- Generated by org.testng.reporters.JUnitXMLReporter -->
<testsuite hostname="LAPTOP-QFH4B63G" ignored="0" name="AutorWebDriverTest_i" tests="4" failures="0" timestamp="09 jun 2018 17:19:13 GMT" time="55.991" errors="0">
  <testcase name="insertarAutores" time="13.686" classname="pe.com.test.seleniumwd.AutorWebDriverTest"/>
  <testcase name="insertarAutores" time="12.865" classname="pe.com.test.seleniumwd.AutorWebDriverTest"/>
  <testcase name="insertarAutores" time="13.053" classname="pe.com.test.seleniumwd.AutorWebDriverTest"/>
  <testcase name="insertarAutores" time="13.163" classname="pe.com.test.seleniumwd.AutorWebDriverTest"/>
</testsuite> <!-- AutorWebDriverTest_i -->
