<?xml version="1.0" encoding="UTF-8"?>
<!-- Generated by org.testng.reporters.JUnitXMLReporter -->
<testsuite hostname="LAPTOP-QFH4B63G" ignored="0" name="AutorWebDriverTest" tests="4" failures="0" timestamp="08 jun 2018 19:16:37 GMT" time="37.855" errors="0">
  <testcase name="insertarAutores" time="10.433" classname="pe.com.test.seleniumwd.AutorWebDriverTest"/>
  <testcase name="insertarAutores" time="7.609" classname="pe.com.test.seleniumwd.AutorWebDriverTest"/>
  <testcase name="insertarAutores" time="7.578" classname="pe.com.test.seleniumwd.AutorWebDriverTest"/>
  <testcase name="insertarAutores" time="7.735" classname="pe.com.test.seleniumwd.AutorWebDriverTest"/>
</testsuite> <!-- AutorWebDriverTest -->
