<?xml version="1.0" encoding="UTF-8"?>
<!-- Generated by org.testng.reporters.JUnitXMLReporter -->
<testsuite hostname="LAPTOP-QFH4B63G" ignored="0" name="LibroWebDriverTest" tests="3" failures="3" timestamp="08 jun 2018 14:44:07 GMT" time="85.861" errors="0">
  <testcase name="insertarAutores" time="42.962" classname="pe.com.test.seleniumwd.LibroWebDriverTest">
    <failure type="java.lang.AssertionError" message="null">
      <![CDATA[java.lang.AssertionError: null
at pe.com.test.seleniumwd.LibroWebDriverTest.insertarAutores(LibroWebDriverTest.java:62)
... Removed 27 stack frames]]>
    </failure>
  </testcase> <!-- insertarAutores -->
  <testcase name="insertarAutores" time="40.232" classname="pe.com.test.seleniumwd.LibroWebDriverTest">
    <failure type="java.lang.AssertionError" message="null">
      <![CDATA[java.lang.AssertionError: null
at pe.com.test.seleniumwd.LibroWebDriverTest.insertarAutores(LibroWebDriverTest.java:62)
... Removed 27 stack frames]]>
    </failure>
  </testcase> <!-- insertarAutores -->
  <testcase name="insertarAutores" time="83.202" classname="pe.com.test.seleniumwd.LibroWebDriverTest">
    <failure type="org.testng.internal.reflect.MethodMatcherException" message="
Data provider mismatch
Method: insertarAutores([Parameter{index=0, type=java.lang.String, declaredAnnotations=[]}, Parameter{index=1, type=java.lang.String, declaredAnnotations=[]}, Parameter{index=2, type=java.lang.String, declaredAnnotations=[]}, Parameter{index=3, type=java.lang.String, declaredAnnotations=[]}, Parameter{index=4, type=java.lang.String, declaredAnnotations=[]}, Parameter{index=5, type=java.lang.String, declaredAnnotations=[]}, Parameter{index=6, type=java.lang.String, declaredAnnotations=[]}])
Arguments: [(java.lang.String) ,(java.lang.String) ,(java.lang.String) ,null,null]">
      <![CDATA[org.testng.internal.reflect.MethodMatcherException: 
Data provider mismatch
Method: insertarAutores([Parameter{index=0, type=java.lang.String, declaredAnnotations=[]}, Parameter{index=1, type=java.lang.String, declaredAnnotations=[]}, Parameter{index=2, type=java.lang.String, declaredAnnotations=[]}, Parameter{index=3, type=java.lang.String, declaredAnnotations=[]}, Parameter{index=4, type=java.lang.String, declaredAnnotations=[]}, Parameter{index=5, type=java.lang.String, declaredAnnotations=[]}, Parameter{index=6, type=java.lang.String, declaredAnnotations=[]}])
Arguments: [(java.lang.String) ,(java.lang.String) ,(java.lang.String) ,null,null]
... Removed 20 stack frames]]>
    </failure>
  </testcase> <!-- insertarAutores -->
</testsuite> <!-- LibroWebDriverTest -->
