<?xml version="1.0" encoding="UTF-8"?>
<!-- Generated by org.testng.reporters.JUnitXMLReporter -->
<testsuite hostname="LAPTOP-QFH4B63G" ignored="0" name="AutorWebDriverTest" tests="7" failures="7" timestamp="06 jun 2018 14:27:07 GMT" time="134.469" errors="0">
  <testcase name="insertarAutores" time="13.194" classname="pe.com.test.seleniumwd.AutorWebDriverTest">
    <failure type="java.lang.AssertionError" message="expected [By.xpath: /html/body/div/div/div[2]/form/div[1]/div] but found []">
      <![CDATA[java.lang.AssertionError: expected [By.xpath: /html/body/div/div/div[2]/form/div[1]/div] but found []
at pe.com.test.seleniumwd.AutorWebDriverTest.insertarAutores(AutorWebDriverTest.java:59)
... Removed 26 stack frames]]>
    </failure>
  </testcase> <!-- insertarAutores -->
  <testcase name="insertarAutores" time="6.728" classname="pe.com.test.seleniumwd.AutorWebDriverTest">
    <failure type="java.lang.AssertionError" message="expected [By.xpath: /html/body/div/div/div[2]/form/div[1]/div] but found [No puede estar vacío]">
      <![CDATA[java.lang.AssertionError: expected [By.xpath: /html/body/div/div/div[2]/form/div[1]/div] but found [No puede estar vacío]
at pe.com.test.seleniumwd.AutorWebDriverTest.insertarAutores(AutorWebDriverTest.java:59)
... Removed 26 stack frames]]>
    </failure>
  </testcase> <!-- insertarAutores -->
  <testcase name="insertarAutores" time="6.719" classname="pe.com.test.seleniumwd.AutorWebDriverTest">
    <failure type="java.lang.AssertionError" message="expected [By.xpath: /html/body/div/div/div[2]/form/div[1]/div] but found []">
      <![CDATA[java.lang.AssertionError: expected [By.xpath: /html/body/div/div/div[2]/form/div[1]/div] but found []
at pe.com.test.seleniumwd.AutorWebDriverTest.insertarAutores(AutorWebDriverTest.java:59)
... Removed 26 stack frames]]>
    </failure>
  </testcase> <!-- insertarAutores -->
  <testcase name="insertarAutores" time="6.502" classname="pe.com.test.seleniumwd.AutorWebDriverTest">
    <failure type="java.lang.AssertionError" message="expected [By.xpath: /html/body/div/div/div[2]/form/div[1]/div] but found []">
      <![CDATA[java.lang.AssertionError: expected [By.xpath: /html/body/div/div/div[2]/form/div[1]/div] but found []
at pe.com.test.seleniumwd.AutorWebDriverTest.insertarAutores(AutorWebDriverTest.java:59)
... Removed 26 stack frames]]>
    </failure>
  </testcase> <!-- insertarAutores -->
  <testcase name="insertarAutores" time="45.059" classname="pe.com.test.seleniumwd.LibroWebDriverTest">
    <failure type="java.lang.AssertionError" message="null">
      <![CDATA[java.lang.AssertionError: null
at pe.com.test.seleniumwd.LibroWebDriverTest.insertarAutores(LibroWebDriverTest.java:62)
... Removed 27 stack frames]]>
    </failure>
  </testcase> <!-- insertarAutores -->
  <testcase name="insertarAutores" time="40.306" classname="pe.com.test.seleniumwd.LibroWebDriverTest">
    <failure type="java.lang.AssertionError" message="null">
      <![CDATA[java.lang.AssertionError: null
at pe.com.test.seleniumwd.LibroWebDriverTest.insertarAutores(LibroWebDriverTest.java:62)
... Removed 27 stack frames]]>
    </failure>
  </testcase> <!-- insertarAutores -->
  <testcase name="insertarAutores" time="85.404" classname="pe.com.test.seleniumwd.LibroWebDriverTest">
    <failure type="org.testng.internal.reflect.MethodMatcherException" message="
Data provider mismatch
Method: insertarAutores([Parameter{index=0, type=java.lang.String, declaredAnnotations=[]}, Parameter{index=1, type=java.lang.String, declaredAnnotations=[]}, Parameter{index=2, type=java.lang.String, declaredAnnotations=[]}, Parameter{index=3, type=java.lang.String, declaredAnnotations=[]}, Parameter{index=4, type=java.lang.String, declaredAnnotations=[]}, Parameter{index=5, type=java.lang.String, declaredAnnotations=[]}, Parameter{index=6, type=java.lang.String, declaredAnnotations=[]}])
Arguments: [(java.lang.String) ,(java.lang.String) ,(java.lang.String) ,null,null]">
      <![CDATA[org.testng.internal.reflect.MethodMatcherException: 
Data provider mismatch
Method: insertarAutores([Parameter{index=0, type=java.lang.String, declaredAnnotations=[]}, Parameter{index=1, type=java.lang.String, declaredAnnotations=[]}, Parameter{index=2, type=java.lang.String, declaredAnnotations=[]}, Parameter{index=3, type=java.lang.String, declaredAnnotations=[]}, Parameter{index=4, type=java.lang.String, declaredAnnotations=[]}, Parameter{index=5, type=java.lang.String, declaredAnnotations=[]}, Parameter{index=6, type=java.lang.String, declaredAnnotations=[]}])
Arguments: [(java.lang.String) ,(java.lang.String) ,(java.lang.String) ,null,null]
... Removed 20 stack frames]]>
    </failure>
  </testcase> <!-- insertarAutores -->
</testsuite> <!-- AutorWebDriverTest -->
