<?xml version="1.0" encoding="UTF-8"?>
<!-- Generated by org.testng.reporters.JUnitXMLReporter -->
<testsuite hostname="MASTER" name="CategoriaWebDriverTestFirefox" tests="3" failures="0" timestamp="10 May 2017 07:50:18 GMT" time="52.94" errors="0">
  <testcase name="insertarCategoria" time="15.929" classname="pe.com.test.seleniumwd.CategoriaWebDriverTest"/>
  <testcase name="insertarCategoria" time="13.768" classname="pe.com.test.seleniumwd.CategoriaWebDriverTest"/>
  <testcase name="insertarCategoria" time="13.628" classname="pe.com.test.seleniumwd.CategoriaWebDriverTest"/>
</testsuite> <!-- CategoriaWebDriverTestFirefox -->
