<?xml version="1.0" encoding="UTF-8"?>
<!-- Generated by org.testng.reporters.JUnitXMLReporter -->
<testsuite hostname="MASTER" name="CategoriaTest" tests="7" failures="0" timestamp="10 May 2017 05:53:43 GMT" time="1.442" errors="0">
  <testcase name="insertar" time="0.281" classname="pe.com.test.CategoriaTest"/>
  <testcase name="insertarDataProvider" time="0.039" classname="pe.com.test.CategoriaTest"/>
  <testcase name="insertarDataProvider" time="0.042" classname="pe.com.test.CategoriaTest"/>
  <testcase name="metodoFueraTiempo" time="0.911" classname="pe.com.test.CategoriaTest"/>
  <testcase name="actualizar" time="0.047" classname="pe.com.test.CategoriaTest"/>
  <testcase name="obtener" time="0.011" classname="pe.com.test.CategoriaTest"/>
  <testcase name="eliminar" time="0.047" classname="pe.com.test.CategoriaTest"/>
</testsuite> <!-- CategoriaTest -->
